<?xml version="1.0" encoding="UTF-8"?>
<!-- Generated by org.testng.reporters.JUnitReportReporter -->
<testsuite skipped="0" hostname="DESKTOP-K8PL7A0" name="seleniumPackage.Testing" tests="1" failures="0" timestamp="2020-02-22T09:49:38 IST" time="0.001" errors="0">
  <testcase name="f" time="0.001" classname="seleniumPackage.Testing"/>
</testsuite> <!-- seleniumPackage.Testing -->
