<?xml version="1.0" encoding="UTF-8"?>
<!-- Generated by org.testng.reporters.JUnitReportReporter -->
<testsuite hostname="DESKTOP-K8PL7A0" name="seleniumPackage.Testing" tests="1" failures="0" timestamp="22 Feb 2020 04:41:10 GMT" time="0.009" errors="0">
  <testcase name="f" time="0.009" classname="seleniumPackage.Testing"/>
</testsuite> <!-- seleniumPackage.Testing -->
