<?xml version="1.0" encoding="UTF-8"?>
<!-- Generated by org.testng.reporters.JUnitReportReporter -->
<testsuite hostname="DESKTOP-K8PL7A0" name="seleniumPackage.LoginInfo" tests="1" failures="0" timestamp="23 Feb 2020 03:17:03 GMT" time="0.022" errors="0">
  <testcase name="g" time="0.022" classname="seleniumPackage.LoginInfo"/>
</testsuite> <!-- seleniumPackage.LoginInfo -->
